This is pdfTeX, Version 3.1415926-2.5-1.40.14 (TeX Live 2013/Debian) (format=pdflatex 2014.9.21)  2 DEC 2014 18:26
entering extended mode
 restricted \write18 enabled.
 %&-line parsing enabled.
**damage_ijdl_v7.tex
(./damage_ijdl_v7.tex
LaTeX2e <2011/06/27>
Babel <3.9h> and hyphenation patterns for 4 languages loaded.

LaTeX Warning: File `example.eps' already exists on the system.
               Not generating it from this source.

(/usr/share/texlive/texmf-dist/tex/latex/base/fix-cm.sty
Package: fix-cm 2006/09/13 v1.1m fixes to LaTeX

(/usr/share/texlive/texmf-dist/tex/latex/base/ts1enc.def
File: ts1enc.def 2001/06/05 v3.0e (jk/car/fm) Standard LaTeX file
)) (./svjour3.cls
Document Class: svjour3 2007/05/08 v3.2 
LaTeX document class for Springer journals
(/usr/share/texlive/texmf-dist/tex/latex/base/fleqn.clo
File: fleqn.clo 1998/08/17 v1.1c Standard LaTeX option (flush left equations)
\mathindent=\dimen102
)
Class Springer-SVJour3 Info: extra/valid Springer sub-package (-> *.clo) 
(Springer-SVJour3)           not found in option list of \documentclass
(Springer-SVJour3)           - autoactivating "global" style.
 (./svglov3.clo
File: svglov3.clo 2009/12/18 v3.2 style option for standardised journals

SVJour Class option: svglov3.clo for standardised journals
)
LaTeX Font Info:    Redeclaring math symbol \Gamma on input line 147.
LaTeX Font Info:    Redeclaring math symbol \Delta on input line 148.
LaTeX Font Info:    Redeclaring math symbol \Theta on input line 149.
LaTeX Font Info:    Redeclaring math symbol \Lambda on input line 150.
LaTeX Font Info:    Redeclaring math symbol \Xi on input line 151.
LaTeX Font Info:    Redeclaring math symbol \Pi on input line 152.
LaTeX Font Info:    Redeclaring math symbol \Sigma on input line 153.
LaTeX Font Info:    Redeclaring math symbol \Upsilon on input line 154.
LaTeX Font Info:    Redeclaring math symbol \Phi on input line 155.
LaTeX Font Info:    Redeclaring math symbol \Psi on input line 156.
LaTeX Font Info:    Redeclaring math symbol \Omega on input line 157.
\logodepth=\dimen103
\headerboxheight=\dimen104
\betweenumberspace=\dimen105
\aftertext=\dimen106
\headlineindent=\dimen107
\c@inst=\count79
\c@auth=\count80
\instindent=\dimen108
\authrun=\box26
\authorrunning=\toks14
\titrun=\box27
\titlerunning=\toks15
\combirun=\box28
\c@lastpage=\count81
\rubricwidth=\dimen109
\c@section=\count82
\c@subsection=\count83
\c@subsubsection=\count84
\c@paragraph=\count85
\c@subparagraph=\count86
\spthmsep=\dimen110
\c@theorem=\count87
\c@case=\count88
\c@conjecture=\count89
\c@corollary=\count90
\c@definition=\count91
\c@example=\count92
\c@exercise=\count93
\c@lemma=\count94
\c@note=\count95
\c@problem=\count96
\c@property=\count97
\c@proposition=\count98
\c@question=\count99
\c@solution=\count100
\c@remark=\count101
\c@figure=\count102
\c@table=\count103
\abovecaptionskip=\skip41
\belowcaptionskip=\skip42
\figcapgap=\dimen111
\tabcapgap=\dimen112
\figgap=\dimen113
\bibindent=\dimen114
\@tempcntc=\count104
) (/usr/share/texlive/texmf-dist/tex/latex/graphics/graphicx.sty
Package: graphicx 1999/02/16 v1.0f Enhanced LaTeX Graphics (DPC,SPQR)

(/usr/share/texlive/texmf-dist/tex/latex/graphics/keyval.sty
Package: keyval 1999/03/16 v1.13 key=value parser (DPC)
\KV@toks@=\toks16
)
(/usr/share/texlive/texmf-dist/tex/latex/graphics/graphics.sty
Package: graphics 2009/02/05 v1.0o Standard LaTeX Graphics (DPC,SPQR)

(/usr/share/texlive/texmf-dist/tex/latex/graphics/trig.sty
Package: trig 1999/03/16 v1.09 sin cos tan (DPC)
)
(/usr/share/texlive/texmf-dist/tex/latex/latexconfig/graphics.cfg
File: graphics.cfg 2010/04/23 v1.9 graphics configuration of TeX Live
)
Package graphics Info: Driver file: pdftex.def on input line 91.

(/usr/share/texlive/texmf-dist/tex/latex/pdftex-def/pdftex.def
File: pdftex.def 2011/05/27 v0.06d Graphics/color for pdfTeX

(/usr/share/texlive/texmf-dist/tex/generic/oberdiek/infwarerr.sty
Package: infwarerr 2010/04/08 v1.3 Providing info/warning/error messages (HO)
)
(/usr/share/texlive/texmf-dist/tex/generic/oberdiek/ltxcmds.sty
Package: ltxcmds 2011/11/09 v1.22 LaTeX kernel commands for general use (HO)
)
\Gread@gobject=\count105
))
\Gin@req@height=\dimen115
\Gin@req@width=\dimen116
)
(/usr/share/texlive/texmf-dist/tex/latex/amsfonts/amssymb.sty
Package: amssymb 2013/01/14 v3.01 AMS font symbols

(/usr/share/texlive/texmf-dist/tex/latex/amsfonts/amsfonts.sty
Package: amsfonts 2013/01/14 v3.01 Basic AMSFonts support
\@emptytoks=\toks17
\symAMSa=\mathgroup4
\symAMSb=\mathgroup5
LaTeX Font Info:    Overwriting math alphabet `\mathfrak' in version `bold'
(Font)                  U/euf/m/n --> U/euf/b/n on input line 106.
))
(/usr/share/texlive/texmf-dist/tex/latex/listings/listings.sty
\lst@mode=\count106
\lst@gtempboxa=\box29
\lst@token=\toks18
\lst@length=\count107
\lst@currlwidth=\dimen117
\lst@column=\count108
\lst@pos=\count109
\lst@lostspace=\dimen118
\lst@width=\dimen119
\lst@newlines=\count110
\lst@lineno=\count111
\lst@maxwidth=\dimen120

(/usr/share/texlive/texmf-dist/tex/latex/listings/lstmisc.sty
File: lstmisc.sty 2013/08/26 1.5b (Carsten Heinz)
\c@lstnumber=\count112
\lst@skipnumbers=\count113
\lst@framebox=\box30
)
(/usr/share/texlive/texmf-dist/tex/latex/listings/listings.cfg
File: listings.cfg 2013/08/26 1.5b listings configuration
))
Package: listings 2013/08/26 1.5b (Carsten Heinz)

(./subfigure.sty
Package: subfigure 2002/07/30 v2.1.4 subfigure package
\subfigtopskip=\skip43
\subfigcapskip=\skip44
\subfigcaptopadj=\dimen121
\subfigbottomskip=\skip45
\subfigcapmargin=\dimen122
\subfiglabelskip=\skip46
\c@subfigure=\count114
\c@lofdepth=\count115
\c@subtable=\count116
\c@lotdepth=\count117

****************************************
* Local config file subfigure.cfg used *
****************************************
(/usr/share/texlive/texmf-dist/tex/latex/subfigure/subfigure.cfg)
\subfig@top=\skip47
\subfig@bottom=\skip48
)
(/usr/share/texlive/texmf-dist/tex/latex/mh/mathtools.sty
Package: mathtools 2013/02/12 v1.13 mathematical typesetting tools

(/usr/share/texlive/texmf-dist/tex/latex/tools/calc.sty
Package: calc 2007/08/22 v4.3 Infix arithmetic (KKT,FJ)
\calc@Acount=\count118
\calc@Bcount=\count119
\calc@Adimen=\dimen123
\calc@Bdimen=\dimen124
\calc@Askip=\skip49
\calc@Bskip=\skip50
LaTeX Info: Redefining \setlength on input line 76.
LaTeX Info: Redefining \addtolength on input line 77.
\calc@Ccount=\count120
\calc@Cskip=\skip51
)
(/usr/share/texlive/texmf-dist/tex/latex/mh/mhsetup.sty
Package: mhsetup 2010/01/21 v1.2a programming setup (MH)
)
(/usr/share/texlive/texmf-dist/tex/latex/amsmath/amsmath.sty
Package: amsmath 2013/01/14 v2.14 AMS math features
\@mathmargin=\skip52

For additional information on amsmath, use the `?' option.
(/usr/share/texlive/texmf-dist/tex/latex/amsmath/amstext.sty
Package: amstext 2000/06/29 v2.01

(/usr/share/texlive/texmf-dist/tex/latex/amsmath/amsgen.sty
File: amsgen.sty 1999/11/30 v2.0
\@emptytoks=\toks19
\ex@=\dimen125
))
(/usr/share/texlive/texmf-dist/tex/latex/amsmath/amsbsy.sty
Package: amsbsy 1999/11/29 v1.2d
\pmbraise@=\dimen126
)
(/usr/share/texlive/texmf-dist/tex/latex/amsmath/amsopn.sty
Package: amsopn 1999/12/14 v2.01 operator names
)
\inf@bad=\count121
LaTeX Info: Redefining \frac on input line 210.
\uproot@=\count122
\leftroot@=\count123
LaTeX Info: Redefining \overline on input line 306.
\classnum@=\count124
\DOTSCASE@=\count125
LaTeX Info: Redefining \ldots on input line 378.
LaTeX Info: Redefining \dots on input line 381.
LaTeX Info: Redefining \cdots on input line 466.
\Mathstrutbox@=\box31
\strutbox@=\box32
\big@size=\dimen127
LaTeX Font Info:    Redeclaring font encoding OML on input line 566.
LaTeX Font Info:    Redeclaring font encoding OMS on input line 567.


Package amsmath Warning: Unable to redefine math accent \vec.

\macc@depth=\count126
\c@MaxMatrixCols=\count127
\dotsspace@=\muskip10
\c@parentequation=\count128
\dspbrk@lvl=\count129
\tag@help=\toks20
\row@=\count130
\column@=\count131
\maxfields@=\count132
\andhelp@=\toks21
\eqnshift@=\dimen128
\alignsep@=\dimen129
\tagshift@=\dimen130
\tagwidth@=\dimen131
\totwidth@=\dimen132
\lineht@=\dimen133
\@envbody=\toks22
\multlinegap=\skip53
\multlinetaggap=\skip54
\mathdisplay@stack=\toks23
LaTeX Info: Redefining \[ on input line 2665.
LaTeX Info: Redefining \] on input line 2666.
)
LaTeX Info: Thecontrolsequence`\['isalreadyrobust on input line 129.
LaTeX Info: Thecontrolsequence`\]'isalreadyrobust on input line 129.
\g_MT_multlinerow_int=\count133
\l_MT_multwidth_dim=\dimen134
\origjot=\skip55
\l_MT_shortvdotswithinadjustabove_dim=\dimen135
\l_MT_shortvdotswithinadjustbelow_dim=\dimen136
\l_MT_above_intertext_sep=\dimen137
\l_MT_below_intertext_sep=\dimen138
\l_MT_above_shortintertext_sep=\dimen139
\l_MT_below_shortintertext_sep=\dimen140
) (/usr/share/texlive/texmf-dist/tex/latex/url/url.sty
\Urlmuskip=\muskip11
Package: url 2013/09/16  ver 3.4  Verb mode for urls, etc.
)
(/usr/share/texlive/texmf-dist/tex/latex/cite/cite.sty
LaTeX Info: Redefining \cite on input line 302.
LaTeX Info: Redefining \nocite on input line 373.
Package: cite 2010/09/10  v 5.3
)
(/usr/share/texlive/texmf-dist/tex/latex/colortbl/colortbl.sty
Package: colortbl 2012/02/13 v1.0a Color table columns (DPC)

(/usr/share/texlive/texmf-dist/tex/latex/tools/array.sty
Package: array 2008/09/09 v2.4c Tabular extension package (FMi)
\col@sep=\dimen141
\extrarowheight=\dimen142
\NC@list=\toks24
\extratabsurround=\skip56
\backup@length=\skip57
)
(/usr/share/texlive/texmf-dist/tex/latex/graphics/color.sty
Package: color 2005/11/14 v1.0j Standard LaTeX Color (DPC)

(/usr/share/texlive/texmf-dist/tex/latex/latexconfig/color.cfg
File: color.cfg 2007/01/18 v1.5 color configuration of teTeX/TeXLive
)
Package color Info: Driver file: pdftex.def on input line 130.
)
\everycr=\toks25
\minrowclearance=\skip58
)
(/usr/share/texlive/texmf-dist/tex/latex/base/alltt.sty
Package: alltt 1997/06/16 v2.0g defines alltt environment
)
(/usr/share/texlive/texmf-dist/tex/latex/wrapfig/wrapfig.sty
\wrapoverhang=\dimen143
\WF@size=\dimen144
\c@WF@wrappedlines=\count134
\WF@box=\box33
\WF@everypar=\toks26
Package: wrapfig 2003/01/31  v 3.6
)
(/usr/share/texlive/texmf-dist/tex/latex/natbib/natbib.sty
Package: natbib 2010/09/13 8.31b (PWD, AO)


Package natbib Warning: The `cite' package should not be used
(natbib)                with natbib. Use option `sort' instead.

\bibhang=\skip59
\bibsep=\skip60
LaTeX Info: Redefining \cite on input line 694.
LaTeX Info: Redefining \citenum on input line 708.
\c@NAT@ctr=\count135
) (./damage_ijdl_v7.aux)
\openout1 = `damage_ijdl_v7.aux'.

LaTeX Font Info:    Checking defaults for OML/cmm/m/it on input line 100.
LaTeX Font Info:    ... okay on input line 100.
LaTeX Font Info:    Checking defaults for T1/cmr/m/n on input line 100.
LaTeX Font Info:    ... okay on input line 100.
LaTeX Font Info:    Checking defaults for OT1/cmr/m/n on input line 100.
LaTeX Font Info:    ... okay on input line 100.
LaTeX Font Info:    Checking defaults for OMS/cmsy/m/n on input line 100.
LaTeX Font Info:    ... okay on input line 100.
LaTeX Font Info:    Checking defaults for OMX/cmex/m/n on input line 100.
LaTeX Font Info:    ... okay on input line 100.
LaTeX Font Info:    Checking defaults for U/cmr/m/n on input line 100.
LaTeX Font Info:    ... okay on input line 100.
LaTeX Font Info:    Checking defaults for TS1/cmr/m/n on input line 100.
LaTeX Font Info:    ... okay on input line 100.

Unknown journal: specify \journalname{<name of your journal>} in preambel

(/usr/share/texlive/texmf-dist/tex/context/base/supp-pdf.mkii
[Loading MPS to PDF converter (version 2006.09.02).]
\scratchcounter=\count136
\scratchdimen=\dimen145
\scratchbox=\box34
\nofMPsegments=\count137
\nofMParguments=\count138
\everyMPshowfont=\toks27
\MPscratchCnt=\count139
\MPscratchDim=\dimen146
\MPnumerator=\count140
\makeMPintoPDFobject=\count141
\everyMPtoPDFconversion=\toks28
) (/usr/share/texlive/texmf-dist/tex/generic/oberdiek/pdftexcmds.sty
Package: pdftexcmds 2011/11/29 v0.20 Utility functions of pdfTeX for LuaTeX (HO
)

(/usr/share/texlive/texmf-dist/tex/generic/oberdiek/ifluatex.sty
Package: ifluatex 2010/03/01 v1.3 Provides the ifluatex switch (HO)
Package ifluatex Info: LuaTeX not detected.
)
(/usr/share/texlive/texmf-dist/tex/generic/oberdiek/ifpdf.sty
Package: ifpdf 2011/01/30 v2.3 Provides the ifpdf switch (HO)
Package ifpdf Info: pdfTeX in PDF mode is detected.
)
Package pdftexcmds Info: LuaTeX not detected.
Package pdftexcmds Info: \pdf@primitive is available.
Package pdftexcmds Info: \pdf@ifprimitive is available.
Package pdftexcmds Info: \pdfdraftmode found.
)
(/usr/share/texlive/texmf-dist/tex/latex/oberdiek/epstopdf-base.sty
Package: epstopdf-base 2010/02/09 v2.5 Base part for package epstopdf

(/usr/share/texlive/texmf-dist/tex/latex/oberdiek/grfext.sty
Package: grfext 2010/08/19 v1.1 Manage graphics extensions (HO)

(/usr/share/texlive/texmf-dist/tex/generic/oberdiek/kvdefinekeys.sty
Package: kvdefinekeys 2011/04/07 v1.3 Define keys (HO)
))
(/usr/share/texlive/texmf-dist/tex/latex/oberdiek/kvoptions.sty
Package: kvoptions 2011/06/30 v3.11 Key value format for package options (HO)

(/usr/share/texlive/texmf-dist/tex/generic/oberdiek/kvsetkeys.sty
Package: kvsetkeys 2012/04/25 v1.16 Key value parser (HO)

(/usr/share/texlive/texmf-dist/tex/generic/oberdiek/etexcmds.sty
Package: etexcmds 2011/02/16 v1.5 Avoid name clashes with e-TeX commands (HO)
Package etexcmds Info: Could not find \expanded.
(etexcmds)             That can mean that you are not using pdfTeX 1.50 or
(etexcmds)             that some package has redefined \expanded.
(etexcmds)             In the latter case, load this package earlier.
)))
Package grfext Info: Graphics extension search list:
(grfext)             [.png,.pdf,.jpg,.mps,.jpeg,.jbig2,.jb2,.PNG,.PDF,.JPG,.JPE
G,.JBIG2,.JB2,.eps]
(grfext)             \AppendGraphicsExtensions on input line 452.

(/usr/share/texlive/texmf-dist/tex/latex/latexconfig/epstopdf-sys.cfg
File: epstopdf-sys.cfg 2010/07/13 v1.3 Configuration of (r)epstopdf for TeX Liv
e
))
\c@lstlisting=\count142

SVJour3 warning: Missing \journalname
LaTeX Font Info:    Calculating math sizes for size <8.5> on input line 117.
LaTeX Font Info:    Try loading font information for U+msa on input line 117.
(/usr/share/texlive/texmf-dist/tex/latex/amsfonts/umsa.fd
File: umsa.fd 2013/01/14 v3.01 AMS symbols A
)
LaTeX Font Info:    Try loading font information for U+msb on input line 117.

(/usr/share/texlive/texmf-dist/tex/latex/amsfonts/umsb.fd
File: umsb.fd 2013/01/14 v3.01 AMS symbols B
)

LaTeX Warning: Command \textgreater invalid in math mode on input line 120.

LaTeX Font Info:    Try loading font information for OML+cmr on input line 120.

(/usr/share/texlive/texmf-dist/tex/latex/base/omlcmr.fd
File: omlcmr.fd 1999/05/25 v2.5h Standard LaTeX font definitions
)
LaTeX Font Info:    Font shape `OML/cmr/m/n' in size <10> not available
(Font)              Font shape `OML/cmm/m/it' tried instead on input line 120.


LaTeX Warning: Command \textgreater invalid in math mode on input line 120.


Underfull \vbox (badness 2818) has occurred while \output is active []


Overfull \hbox (0.50844pt too wide) in paragraph at lines 129--130
\OT1/cmr/m/n/10 Web archives are valu-able cul-tural repos-i-to-ries that cap-
 []


Overfull \hbox (4.70291pt too wide) in paragraph at lines 131--132
[]\OT1/cmr/m/n/10 Large im-ages are of-ten more im-por-tant to an archived
 []

[1{/var/lib/texmf/fonts/map/pdftex/updmap/pdftex.map}


]
<./imgs/undamagedAnnotated.png, id=13, 614.295pt x 794.97pt>
File: ./imgs/undamagedAnnotated.png Graphic file (type png)

<use ./imgs/undamagedAnnotated.png>
Package pdftex.def Info: ./imgs/undamagedAnnotated.png used on input line 150.
(pdftex.def)             Requested size: 148.50151pt x 192.17955pt.

<./imgs/missingBigAnnotated.png, id=14, 614.295pt x 794.97pt>
File: ./imgs/missingBigAnnotated.png Graphic file (type png)

<use ./imgs/missingBigAnnotated.png>
Package pdftex.def Info: ./imgs/missingBigAnnotated.png used on input line 151.

(pdftex.def)             Requested size: 148.50151pt x 192.17955pt.

<./imgs/missingLittleAnnotated.png, id=15, 614.295pt x 794.97pt>
File: ./imgs/missingLittleAnnotated.png Graphic file (type png)

<use ./imgs/missingLittleAnnotated.png>
Package pdftex.def Info: ./imgs/missingLittleAnnotated.png used on input line 1
52.
(pdftex.def)             Requested size: 148.50151pt x 192.17955pt.

<./imgs/missing_flood_page_crop.png, id=16, 1027.84pt x 797.98125pt>
File: ./imgs/missing_flood_page_crop.png Graphic file (type png)

<use ./imgs/missing_flood_page_crop.png>
Package pdftex.def Info: ./imgs/missing_flood_page_crop.png used on input line 
154.
(pdftex.def)             Requested size: 222.74849pt x 172.92635pt.

Underfull \hbox (badness 10000) in paragraph at lines 154--154
\OT1/cmtt/m/n/8.5 web / 20110116022653 / http : / / www . cityofmoorhead . com 
/
 []


Underfull \hbox (badness 1881) in paragraph at lines 154--154
\OT1/cmr/m/n/8.5 the en-tire ap-pear-ance and util-ity of the mem-ento
 []

<./imgs/missing_lots_crop.png, id=18, 1027.84pt x 807.015pt>
File: ./imgs/missing_lots_crop.png Graphic file (type png)

<use ./imgs/missing_lots_crop.png>
Package pdftex.def Info: ./imgs/missing_lots_crop.png used on input line 156.
(pdftex.def)             Requested size: 222.74849pt x 174.88402pt.

Underfull \hbox (badness 10000) in paragraph at lines 156--156
[]\OT1/cmr/m/n/8.5 (e) Mean-while, this mem-ento (URI-M $\OT1/cmtt/m/n/8.5 http
 :
 []


Underfull \hbox (badness 10000) in paragraph at lines 156--156
\OT1/cmtt/m/n/8.5 / / web . archive . org / web / 20060102083228 / http :
 []


Overfull \hbox (0.50845pt too wide) in paragraph at lines 162--165
\OT1/cmr/m/n/10 source with em-bed-ded re-sources of dif-fer-ing im-por-tance.
 []


Overfull \hbox (1.67406pt too wide) in paragraph at lines 162--165
\OT1/cmtt/m/n/10 http : / / www . xkcd . com/$ \OT1/cmr/m/n/10 by re-mov-ing em
-bed-ded im-ages.
 []


Overfull \hbox (9.36946pt too wide) in paragraph at lines 175--176
\OT1/cmr/m/n/10 Researchers have stud-ied the com-plete-ness of the archives,
 []

[2]
Overfull \hbox (9.45284pt too wide) in paragraph at lines 181--182
\OT1/cmr/m/n/10 based on match-ing crawler strate-gies with re-source change
 []


Overfull \hbox (2.42627pt too wide) in paragraph at lines 183--184
[]\OT1/cmr/m/n/10 Banos et al. cre-ated an al-go-rithm to eval-u-ate archival
 []

[3 <./imgs/undamagedAnnotated.png> <./imgs/missingBigAnnotated.png> <./imgs/mis
singLittleAnnotated.png> <./imgs/missing_flood_page_crop.png> <./imgs/missing_l
ots_crop.png>]
Underfull \hbox (badness 10000) in paragraph at lines 212--212
[]|$\OT1/cmtt/m/n/8.5 http : / / activehistory . ca / 2013 /
 []


Underfull \hbox (badness 10000) in paragraph at lines 212--212
\OT1/cmtt/m/n/8.5 06 / myspace-[]is-[]cool-[]again-[]too$
 []


Underfull \hbox (badness 10000) in paragraph at lines 212--212
\OT1/cmtt/m/n/8.5 -[]bad-[]they-[]destroyed-[]history-[]$
 []


Underfull \hbox (badness 10000) in paragraph at lines 218--218
[]|$\OT1/cmtt/m/n/8.5 http : / / ws-[]dl . blogspot . com / 2013 / 08 /
 []


Underfull \hbox (badness 10000) in paragraph at lines 218--218
\OT1/cmtt/m/n/8.5 2013-[]07-[]26-[]web-[]archiving-[]and-[]digital .
 []


Underfull \hbox (badness 10000) in paragraph at lines 220--220
[]|$\OT1/cmtt/m/n/8.5 http : / / www . cnn . com / 2013 /
 []


Underfull \hbox (badness 10000) in paragraph at lines 220--220
\OT1/cmtt/m/n/8.5 08 / 19 / tech / social-[]media /
 []

<./imgs/turkss.png, id=35, 204.984pt x 344.268pt>
File: ./imgs/turkss.png Graphic file (type png)
 <use ./imgs/turkss.png>
Package pdftex.def Info: ./imgs/turkss.png used on input line 239.
(pdftex.def)             Requested size: 247.5pt x 415.6988pt.

Overfull \hbox (8.53583pt too wide) in paragraph at lines 239--240
[][] 
 []


Underfull \vbox (badness 10000) has occurred while \output is active []

 [4 <./imgs/turkss.png>]
Overfull \hbox (3.66826pt too wide) in paragraph at lines 249--250
\OT1/cmr/m/n/10 dam-aged mem-ento) 81% of the time (226/280). As $\OML/cmm/m/it
/10 ^^AM[]$
 []


Overfull \hbox (3.39908pt too wide) in paragraph at lines 253--271
[][] 
 []


LaTeX Warning: Command \textless invalid in math mode on input line 300.


LaTeX Warning: Command \textless invalid in math mode on input line 300.


Overfull \hbox (3.5374pt too wide) in paragraph at lines 302--303
\OT1/cmr/m/n/10 an al-go-rithm's per-for-mance. The top left quad-rant shows
 []


Underfull \vbox (badness 4205) has occurred while \output is active []


Underfull \vbox (badness 10000) has occurred while \output is active []

 [5]

LaTeX Warning: Command \textgreater invalid in math mode on input line 304.


LaTeX Warning: Command \textgreater invalid in math mode on input line 304.


LaTeX Warning: Command \textgreater invalid in math mode on input line 304.


LaTeX Warning: Command \textgreater invalid in math mode on input line 304.


Overfull \hbox (3.39908pt too wide) in paragraph at lines 318--336
[][] 
 []


Underfull \vbox (badness 10000) has occurred while \output is active []

 [6]
Overfull \hbox (2.05504pt too wide) detected at line 457
$[] []$  
 []


Overfull \hbox (6.53627pt too wide) in paragraph at lines 473--474
\OT1/cmr/m/n/10 Equation 6[] out-lines the dam-age from miss-ing style sheets,
 []

[7] <./imgs/withcss.png, id=53, 796.47563pt x 597.73312pt>
File: ./imgs/withcss.png Graphic file (type png)

<use ./imgs/withcss.png>
Package pdftex.def Info: ./imgs/withcss.png used on input line 514.
(pdftex.def)             Requested size: 220.8258pt x 165.72241pt.
 <./imgs/nocss.png, id=54, 796.47563pt x 597.73312pt>
File: ./imgs/nocss.png Graphic file (type png)

<use ./imgs/nocss.png>
Package pdftex.def Info: ./imgs/nocss.png used on input line 515.
(pdftex.def)             Requested size: 220.8258pt x 165.72241pt.
 [8 <./imgs/withcss.png> <./imgs/nocss.png>]
<./imgs/thePng_crop3.png, id=58, 343.2825pt x 643.40375pt>
File: ./imgs/thePng_crop3.png Graphic file (type png)

<use ./imgs/thePng_crop3.png>
Package pdftex.def Info: ./imgs/thePng_crop3.png used on input line 525.
(pdftex.def)             Requested size: 100.37537pt x 188.12366pt.

<./imgs/thePngNOCSS_crop3.png, id=59, 340.27126pt x 642.4pt>
File: ./imgs/thePngNOCSS_crop3.png Graphic file (type png)

<use ./imgs/thePngNOCSS_crop3.png>
Package pdftex.def Info: ./imgs/thePngNOCSS_crop3.png used on input line 527.
(pdftex.def)             Requested size: 100.37537pt x 189.49655pt.

Overfull \hbox (0.36955pt too wide) in paragraph at lines 564--565
[]\OT1/cmr/m/n/10 Determine pro-por-tion of un-suc-cess-fully deref-er-enced
 []


Overfull \hbox (2.34172pt too wide) in paragraph at lines 565--566
\OT1/cmr/m/n/10 with only those URI-Ms un-suc-cess-fully deref-er-enced) 
 []


LaTeX Warning: Command \textgreater invalid in math mode on input line 593.

LaTeX Font Info:    Font shape `OML/cmr/m/n' in size <8.5> not available
(Font)              Font shape `OML/cmm/m/it' tried instead on input line 593.

LaTeX Warning: Command \textgreater invalid in math mode on input line 593.


LaTeX Warning: Command \textgreater invalid in math mode on input line 593.


LaTeX Warning: Command \textgreater invalid in math mode on input line 593.


Underfull \hbox (badness 10000) in paragraph at lines 600--603

 []


Underfull \hbox (badness 10000) in paragraph at lines 600--603

 []

[9 <./imgs/thePng_crop3.png> <./imgs/thePngNOCSS_crop3.png>]

LaTeX Warning: Command \textgreater invalid in math mode on input line 612.


LaTeX Warning: Command \textgreater invalid in math mode on input line 612.


LaTeX Warning: Command \textgreater invalid in math mode on input line 612.


LaTeX Warning: Command \textgreater invalid in math mode on input line 612.


Overfull \hbox (2.13484pt too wide) in paragraph at lines 616--634
[][] 
 []


Underfull \vbox (badness 4403) has occurred while \output is active []


<./imgs/missedAndDamagePerYear.png, id=63, 702.625pt x 501.875pt>
File: ./imgs/missedAndDamagePerYear.png Graphic file (type png)

<use ./imgs/missedAndDamagePerYear.png>
Package pdftex.def Info: ./imgs/missedAndDamagePerYear.png used on input line 6
87.
(pdftex.def)             Requested size: 271.01349pt x 193.58621pt.

Overfull \hbox (32.04932pt too wide) in paragraph at lines 687--689
[][] 
 []

[10 <./imgs/missedAndDamagePerYear.png (PNG copy)>]
<./imgs/occStats.png, id=67, 702.625pt x 501.875pt>
File: ./imgs/occStats.png Graphic file (type png)
 <use ./imgs/occStats.png>
Package pdftex.def Info: ./imgs/occStats.png used on input line 698.
(pdftex.def)             Requested size: 222.74849pt x 159.10231pt.

<./imgs/OccStatsCDF_IA.png, id=68, 702.625pt x 501.875pt>
File: ./imgs/OccStatsCDF_IA.png Graphic file (type png)

<use ./imgs/OccStatsCDF_IA.png>
Package pdftex.def Info: ./imgs/OccStatsCDF_IA.png used on input line 699.
(pdftex.def)             Requested size: 222.74849pt x 159.10231pt.

<./imgs/occStatsFound.png, id=69, 702.625pt x 501.875pt>
File: ./imgs/occStatsFound.png Graphic file (type png)

<use ./imgs/occStatsFound.png>
Package pdftex.def Info: ./imgs/occStatsFound.png used on input line 700.
(pdftex.def)             Requested size: 222.74849pt x 159.10231pt.

<./imgs/OccStatsFoundCDF_IA.png, id=70, 702.625pt x 501.875pt>
File: ./imgs/OccStatsFoundCDF_IA.png Graphic file (type png)

<use ./imgs/OccStatsFoundCDF_IA.png>
Package pdftex.def Info: ./imgs/OccStatsFoundCDF_IA.png used on input line 701.

(pdftex.def)             Requested size: 222.74849pt x 159.10231pt.


LaTeX Warning: Command \textgreater invalid in math mode on input line 737.


LaTeX Warning: Command \textgreater invalid in math mode on input line 737.

<./imgs/fileTypes.png, id=71, 681.54625pt x 472.76625pt>
File: ./imgs/fileTypes.png Graphic file (type png)

<use ./imgs/fileTypes.png>
Package pdftex.def Info: ./imgs/fileTypes.png used on input line 743.
(pdftex.def)             Requested size: 247.5pt x 171.68176pt.

Overfull \hbox (8.53583pt too wide) in paragraph at lines 743--746
[][] 
 []


LaTeX Warning: `!h' float specifier changed to `!ht'.


Underfull \hbox (badness 1087) in paragraph at lines 759--759
\OT1/cmr/m/n/8.5 archiv-ing util-ity at $\OT1/cmtt/m/n/8.5 http : / / archive .
 org / web/$ \OT1/cmr/m/n/8.5 un-der the
 []


Overfull \hbox (2.06395pt too wide) in paragraph at lines 761--762
[]\OT1/cmr/m/n/10 Our Web-Cite dataset has 992 me-men-tos in the Time-
 []

[11 <./imgs/fileTypes.png>]
<./imgs/MissedAndDamagePerYear_webcite.png, id=76, 702.625pt x 501.875pt>
File: ./imgs/MissedAndDamagePerYear_webcite.png Graphic file (type png)

<use ./imgs/MissedAndDamagePerYear_webcite.png>
Package pdftex.def Info: ./imgs/MissedAndDamagePerYear_webcite.png used on inpu
t line 768.
(pdftex.def)             Requested size: 271.01349pt x 193.58621pt.

Overfull \hbox (32.04932pt too wide) in paragraph at lines 768--770
[][] 
 []


LaTeX Warning: `!h' float specifier changed to `!ht'.

<./imgs/OccStats_webcite.png, id=77, 702.625pt x 501.875pt>
File: ./imgs/OccStats_webcite.png Graphic file (type png)

<use ./imgs/OccStats_webcite.png>
Package pdftex.def Info: ./imgs/OccStats_webcite.png used on input line 786.
(pdftex.def)             Requested size: 222.74849pt x 159.10231pt.

<./imgs/occStatsCDF09.png, id=78, 702.625pt x 501.875pt>
File: ./imgs/occStatsCDF09.png Graphic file (type png)

<use ./imgs/occStatsCDF09.png>
Package pdftex.def Info: ./imgs/occStatsCDF09.png used on input line 787.
(pdftex.def)             Requested size: 222.74849pt x 159.10231pt.

<./imgs/OccStatsFound_webcite.png, id=79, 702.625pt x 501.875pt>
File: ./imgs/OccStatsFound_webcite.png Graphic file (type png)

<use ./imgs/OccStatsFound_webcite.png>
Package pdftex.def Info: ./imgs/OccStatsFound_webcite.png used on input line 78
8.
(pdftex.def)             Requested size: 222.74849pt x 159.10231pt.

<./imgs/occStatsFoundCDF09.png, id=80, 702.625pt x 501.875pt>
File: ./imgs/occStatsFoundCDF09.png Graphic file (type png)

<use ./imgs/occStatsFoundCDF09.png>
Package pdftex.def Info: ./imgs/occStatsFoundCDF09.png used on input line 789.
(pdftex.def)             Requested size: 222.74849pt x 159.10231pt.

<./imgs/FileTypes_webcite.png, id=81, 673.51625pt x 444.66125pt>
File: ./imgs/FileTypes_webcite.png Graphic file (type png)

<use ./imgs/FileTypes_webcite.png>
Package pdftex.def Info: ./imgs/FileTypes_webcite.png used on input line 823.
(pdftex.def)             Requested size: 247.5pt x 163.40256pt.

Overfull \hbox (8.53583pt too wide) in paragraph at lines 823--826
[][] 
 []


LaTeX Warning: `!h' float specifier changed to `!ht'.

[12 <./imgs/occStats.png> <./imgs/OccStatsCDF_IA.png> <./imgs/occStatsFound.png
> <./imgs/OccStatsFoundCDF_IA.png>]
Overfull \hbox (8.28629pt too wide) in paragraph at lines 848--849
\OT1/cmr/m/n/10 We sam-pled 50 URI-Rs by ran-domly gen-er-at-ing Bitly.com
 []


Underfull \vbox (badness 10000) has occurred while \output is active []

 [13 <./imgs/OccStats_webcite.png> <./imgs/occStatsCDF09.png> <./imgs/OccStatsF
ound_webcite.png> <./imgs/occStatsFoundCDF09.png>]
Overfull \hbox (3.45291pt too wide) in paragraph at lines 854--855
\OT1/cmr/m/n/10 duce the qual-ity of me-men-tos due to tra-di-tional crawlers'
 []


Overfull \hbox (1.0362pt too wide) in paragraph at lines 860--861
\OT1/cmr/m/n/10 when a mem-ento im-prop-erly em-beds live Web re-sources,
 []

[14 <./imgs/MissedAndDamagePerYear_webcite.png (PNG copy)> <./imgs/FileTypes_we
bcite.png>]
Overfull \hbox (2.53372pt too wide) in paragraph at lines 878--878
[]\OT1/cmtt/m/n/10 style="text-align:left;box-sizing: border-box;[] 
 []


Overfull \hbox (3.56404pt too wide) in paragraph at lines 880--881
\OT1/cmr/m/n/10 of mea-sur-ing the ef-fec-tive-ness of Ar-chive.today's archiva
l
 []

<./imgs/AtHisto.png, id=101, 501.875pt x 501.875pt>
File: ./imgs/AtHisto.png Graphic file (type png)
 <use ./imgs/AtHisto.png>
Package pdftex.def Info: ./imgs/AtHisto.png used on input line 890.
(pdftex.def)             Requested size: 247.5pt x 247.5061pt.

Overfull \hbox (8.53583pt too wide) in paragraph at lines 890--890
 [] 
 []

<./imgs/WcHisto.png, id=102, 501.875pt x 501.875pt>
File: ./imgs/WcHisto.png Graphic file (type png)
 <use ./imgs/WcHisto.png>
Package pdftex.def Info: ./imgs/WcHisto.png used on input line 891.
(pdftex.def)             Requested size: 247.5pt x 247.5061pt.

Overfull \hbox (8.53583pt too wide) in paragraph at lines 891--892
 [][] 
 []


LaTeX Warning: `!h' float specifier changed to `!ht'.


LaTeX Warning: Command \textgreater invalid in math mode on input line 917.


LaTeX Warning: Command \textgreater invalid in math mode on input line 917.


Underfull \vbox (badness 10000) has occurred while \output is active []

 [15 <./imgs/AtHisto.png> <./imgs/WcHisto.png>]
Overfull \hbox (2.75845pt too wide) in paragraph at lines 921--922
[]\OT1/cmr/m/n/10 Page-at-a-time archivers per-form dif-fer-ently than the
 []


Overfull \hbox (1.36955pt too wide) in paragraph at lines 923--924
[]\OT1/cmr/m/n/10 We also demon-strate that JavaScript-dependent rep-
 []


LaTeX Warning: Command \textgreater invalid in math mode on input line 925.


LaTeX Warning: Command \textgreater invalid in math mode on input line 925.


Overfull \hbox (5.95403pt too wide) in paragraph at lines 925--926
\OT1/cmr/m/n/10 for-mance and the qual-ity of their me-men-tos. The archives
 []


Overfull \hbox (8.59085pt too wide) in paragraph at lines 934--935
\OT1/cmr/m/n/10 Foun-da-tion (NSF) (IIS 1009392), the Li-brary of Congress,
 []


Overfull \hbox (1.11964pt too wide) in paragraph at lines 934--935
\OT1/cmr/m/n/10 and the Na-tional En-dow-ment for the Hu-man-i-ties (NEH)
 []


Overfull \hbox (3.47964pt too wide) in paragraph at lines 934--935
\OT1/cmr/m/n/10 Dig-i-tal Hu-man-i-ties Im-ple-men-ta-tion Grant (DHIG) (HK-
 []

Missing character: There is no Ã in font cmr10!
Missing character: There is no § in font cmr10!

Underfull \hbox (badness 1990) in paragraph at lines 974--979
\OT1/cmr/m/n/10 Pro-ceed-ings of the 11th An-nual In-ter-na-tional
 []

[16]
Missing character: There is no Ã in font cmr10!
Missing character: There is no § in font cmr10!
Missing character: There is no Ã in font cmr10!
Missing character: There is no § in font cmr10!

Underfull \hbox (badness 6608) in paragraph at lines 988--992
[]\OT1/cmr/m/n/10 Ben Saad, M., Pehli-van, Z., Ga-narski, S.:
 []


Underfull \hbox (badness 10000) in paragraph at lines 994--998
[]\OT1/cmr/m/n/10 Brunelle, J.F.: Google and Java-Script.
 []


Underfull \hbox (badness 10000) in paragraph at lines 994--998
\OT1/cmtt/m/n/10 http : / / ws-[]dl . blogspot . com / 2014 / 06 /
 []


Underfull \hbox (badness 10000) in paragraph at lines 994--998
\OT1/cmtt/m/n/10 2014-[]06-[]18-[]google-[]and-[]javascript . html$
 []


Underfull \hbox (badness 2181) in paragraph at lines 1005--1009
[]\OT1/cmr/m/n/10 Brunelle, J.F., Nel-son, M.L.: Zom-bies in the
 []


Underfull \hbox (badness 10000) in paragraph at lines 1050--1054
[]\OT1/cmr/m/n/10 Jack, P.: Ex-trac-torhtml extract-javascript.
 []


Underfull \hbox (badness 10000) in paragraph at lines 1050--1054
\OT1/cmtt/m/n/10 https : / / webarchive . jira . com / wiki / display /
 []


Underfull \hbox (badness 10000) in paragraph at lines 1050--1054
\OT1/cmtt/m/n/10 Heritrix / ExtractorHTML + extract-[]javascript$
 []


Underfull \vbox (badness 10000) has occurred while \output is active []


Underfull \hbox (badness 1259) in paragraph at lines 1083--1086
[]\OT1/cmr/m/n/10 Negulescu, K.C.: Web Archiv-ing @ the In-ter-
 []


Underfull \hbox (badness 10000) in paragraph at lines 1083--1086
\OT1/cmr/m/n/10 Preser-va-tion Part-ners Meet-ing, 2010 $\OT1/cmtt/m/n/10 http 
:
 []


Underfull \hbox (badness 10000) in paragraph at lines 1083--1086
\OT1/cmtt/m/n/10 / / www . digitalpreservation . gov / meetings /
 []


Underfull \hbox (badness 3646) in paragraph at lines 1088--1092
[]\OT1/cmr/m/n/10 Nelson, M.L.: 2013-07-09: Ar-chive.is sup-ports
 []


Underfull \hbox (badness 1087) in paragraph at lines 1088--1092
\OT1/cmr/m/n/10 mem-ento.  $\OT1/cmtt/m/n/10 http : / / ws-[]dl . blogspot . co
m / 2013 /
 []


Underfull \hbox (badness 10000) in paragraph at lines 1088--1092
\OT1/cmtt/m/n/10 07 / 2013-[]07-[]09-[]archiveis-[]supports-[]memento .
 []


Underfull \hbox (badness 10000) in paragraph at lines 1094--1098
[]\OT1/cmr/m/n/10 Nelson, M.L.: 2014-07-14: ``Re-fresh''
 []


Underfull \hbox (badness 10000) in paragraph at lines 1094--1098
\OT1/cmr/m/n/10 For Zom-bies, Time Jumps.  $\OT1/cmtt/m/n/10 http :
 []


Underfull \hbox (badness 10000) in paragraph at lines 1094--1098
\OT1/cmtt/m/n/10 / / ws-[]dl . blogspot . com / 2014 / 07 /
 []


Underfull \hbox (badness 10000) in paragraph at lines 1094--1098
\OT1/cmtt/m/n/10 2014-[]07-[]14-[]refresh-[]for-[]zombies-[]time . html$
 []


Underfull \hbox (badness 1831) in paragraph at lines 1100--1102
[]\OT1/cmr/m/n/10 PhantomJS: Phan-tomJS.  $\OT1/cmtt/m/n/10 http : / / phantomj
s .
 []

Missing character: There is no â in font cmr10!
Missing character: There is no € in font cmr10!
Missing character: There is no “ in font cmr10!

Underfull \hbox (badness 1281) in paragraph at lines 1111--1113
[]\OT1/cmr/m/n/10 Rossi, A.: Fix-ing Bro-ken Links on the In-ter-
 []


Underfull \hbox (badness 1112) in paragraph at lines 1111--1113
\OT1/cmr/m/n/10 net.  $\OT1/cmtt/m/n/10 https : / / blog . archive . org / 2013
 / 10 / 25 /
 []


Underfull \vbox (badness 10000) has occurred while \output is active []

 [17]
Missing character: There is no Ã in font cmr10!
Missing character: There is no ° in font cmr10!

Underfull \hbox (badness 1460) in paragraph at lines 1129--1132
[]\OT1/cmr/m/n/10 Sigursson, K.: In-cre-men-tal crawl-ing with Her-
 []


Underfull \hbox (badness 1472) in paragraph at lines 1160--1163
\OT1/cmr/m/n/10 In: Pro-ceed-ings of the 7th In-ter-na-tional Web
 []


Underfull \hbox (badness 1147) in paragraph at lines 1165--1168
\OT1/cmr/m/n/10 ento: Time Travel for the Web.  Tech. Rep.
 []

[18

] (./damage_ijdl_v7.aux) ) 
Here is how much of TeX's memory you used:
 6011 strings out of 494985
 87755 string characters out of 6180356
 159871 words of memory out of 5000000
 9091 multiletter control sequences out of 15000+600000
 12208 words of font info for 48 fonts, out of 8000000 for 9000
 50 hyphenation exceptions out of 8191
 38i,18n,33p,1959b,437s stack positions out of 5000i,500n,10000p,200000b,80000s
</usr/share/texlive/texmf-dist/fonts/type1/public/ams
fonts/cm/cmbx10.pfb></usr/share/texlive/texmf-dist/fonts/type1/public/amsfonts/
cm/cmbx12.pfb></usr/share/texlive/texmf-dist/fonts/type1/public/amsfonts/cm/cmb
x8.pfb></usr/share/texlive/texmf-dist/fonts/type1/public/amsfonts/cm/cmex10.pfb
></usr/share/texlive/texmf-dist/fonts/type1/public/amsfonts/cm/cmmi10.pfb></usr
/share/texlive/texmf-dist/fonts/type1/public/amsfonts/cm/cmmi5.pfb></usr/share/
texlive/texmf-dist/fonts/type1/public/amsfonts/cm/cmmi7.pfb></usr/share/texlive
/texmf-dist/fonts/type1/public/amsfonts/cm/cmmi8.pfb></usr/share/texlive/texmf-
dist/fonts/type1/public/amsfonts/cm/cmr10.pfb></usr/share/texlive/texmf-dist/fo
nts/type1/public/amsfonts/cm/cmr5.pfb></usr/share/texlive/texmf-dist/fonts/type
1/public/amsfonts/cm/cmr7.pfb></usr/share/texlive/texmf-dist/fonts/type1/public
/amsfonts/cm/cmr8.pfb></usr/share/texlive/texmf-dist/fonts/type1/public/amsfont
s/cm/cmsy10.pfb></usr/share/texlive/texmf-dist/fonts/type1/public/amsfonts/cm/c
msy7.pfb></usr/share/texlive/texmf-dist/fonts/type1/public/amsfonts/cm/cmti10.p
fb></usr/share/texlive/texmf-dist/fonts/type1/public/amsfonts/cm/cmti8.pfb></us
r/share/texlive/texmf-dist/fonts/type1/public/amsfonts/cm/cmtt10.pfb></usr/shar
e/texlive/texmf-dist/fonts/type1/public/amsfonts/cm/cmtt8.pfb>
Output written on damage_ijdl_v7.pdf (18 pages, 2510314 bytes).
PDF statistics:
 174 PDF objects out of 1000 (max. 8388607)
 96 compressed objects within 1 object stream
 0 named destinations out of 1000 (max. 500000)
 121 words of extra memory for PDF output out of 10000 (max. 10000000)

